<?xml version="1.0" encoding="UTF-8"?>
<!-- Generated by org.testng.reporters.JUnitXMLReporter -->
<testsuite ignored="0" hostname="DESKTOP-PSK2AAM" failures="0" tests="5" name="Default test" time="72.184" errors="0" timestamp="2022-02-25T09:09:24 IST">
  <testcase classname="testNG.NewTest" name="TestOrangeHRM" time="3.344"/>
  <testcase classname="testNG.NewTest" name="TestOrangeHRM" time="2.248"/>
  <testcase classname="testNG.NewTest" name="TestOrangeHRM" time="2.511"/>
  <testcase classname="testNG.NewTest" name="TestOrangeHRM" time="2.539"/>
  <testcase classname="testNG.NewTest" name="TestOrangeHRM" time="2.216"/>
</testsuite> <!-- Default test -->
